# JRE version: OpenJDK Runtime Environment Temurin-17.0.8.1+1 (17.0.8.1+1) (build 17.0.8.1+1)
# Java VM: OpenJDK 64-Bit Server VM Temurin-17.0.8.1+1 (17.0.8.1+1, mixed mode, tiered, compressed oops, compressed class ptrs, g1 gc, windows-amd64)
GC Precious Log:
 CPUs: 8 total, 8 available
 Memory: 3982M
 Large Page Support: Disabled
 NUMA Support: Disabled
 Compressed Oops: Enabled (32-bit)
 Heap Region Size: 1M
 Heap Min Capacity: 256M
 Heap Initial Capacity: 256M
 Heap Max Capacity: 1G
 Pre-touch: Disabled
 Parallel Workers: 8
 Concurrent Workers: 2
 Concurrent Refinement Workers: 8
 Periodic GC: Disabled
 String Deduplication is enabled
Heap:
 garbage-first heap   total 422912K, used 197502K [0x00000000c0000000, 0x0000000100000000)
  region size 1024K, 9 young (9216K), 2 survivors (2048K)
 Metaspace       used 160708K, committed 163584K, reserved 1245184K
  class space    used 19183K, committed 20480K, reserved 1048576K
GC Heap History (20 events):
Event: 36.182 GC heap before
{Heap before GC invocations=31 (full 0):
 garbage-first heap   total 422912K, used 314465K [0x00000000c0000000, 0x0000000100000000)
  region size 1024K, 160 young (163840K), 11 survivors (11264K)
 Metaspace       used 146866K, committed 149440K, reserved 1245184K
  class space    used 17485K, committed 18624K, reserved 1048576K
}
Event: 36.201 GC heap after
{Heap after GC invocations=32 (full 0):
 garbage-first heap   total 422912K, used 164965K [0x00000000c0000000, 0x0000000100000000)
  region size 1024K, 14 young (14336K), 14 survivors (14336K)
 Metaspace       used 146866K, committed 149440K, reserved 1245184K
  class space    used 17485K, committed 18624K, reserved 1048576K
}
Event: 36.980 GC heap before
{Heap before GC invocations=32 (full 0):
 garbage-first heap   total 422912K, used 328805K [0x00000000c0000000, 0x0000000100000000)
  region size 1024K, 174 young (178176K), 14 survivors (14336K)
 Metaspace       used 153037K, committed 155648K, reserved 1245184K
  class space    used 18122K, committed 19264K, reserved 1048576K
}
Event: 37.011 GC heap after
{Heap after GC invocations=33 (full 0):
 garbage-first heap   total 422912K, used 180806K [0x00000000c0000000, 0x0000000100000000)
  region size 1024K, 22 young (22528K), 22 survivors (22528K)
 Metaspace       used 153037K, committed 155648K, reserved 1245184K
  class space    used 18122K, committed 19264K, reserved 1048576K
}
Event: 63.878 GC heap before
{Heap before GC invocations=33 (full 0):
 garbage-first heap   total 422912K, used 363078K [0x00000000c0000000, 0x0000000100000000)
  region size 1024K, 162 young (165888K), 22 survivors (22528K)
 Metaspace       used 159860K, committed 162624K, reserved 1245184K
  class space    used 19078K, committed 20288K, reserved 1048576K
}
Event: 63.918 GC heap after
{Heap after GC invocations=34 (full 0):
 garbage-first heap   total 422912K, used 196936K [0x00000000c0000000, 0x0000000100000000)
  region size 1024K, 12 young (12288K), 12 survivors (12288K)
 Metaspace       used 159860K, committed 162624K, reserved 1245184K
  class space    used 19078K, committed 20288K, reserved 1048576K
}
Event: 65.428 GC heap before
{Heap before GC invocations=34 (full 0):
 garbage-first heap   total 422912K, used 234824K [0x00000000c0000000, 0x0000000100000000)
  region size 1024K, 25 young (25600K), 12 survivors (12288K)
 Metaspace       used 159928K, committed 162688K, reserved 1245184K
  class space    used 19079K, committed 20288K, reserved 1048576K
}
Event: 65.437 GC heap after
{Heap after GC invocations=35 (full 0):
 garbage-first heap   total 422912K, used 183659K [0x00000000c0000000, 0x0000000100000000)
  region size 1024K, 11 young (11264K), 11 survivors (11264K)
 Metaspace       used 159928K, committed 162688K, reserved 1245184K
  class space    used 19079K, committed 20288K, reserved 1048576K
}
Event: 65.660 GC heap before
{Heap before GC invocations=35 (full 0):
 garbage-first heap   total 422912K, used 218475K [0x00000000c0000000, 0x0000000100000000)
  region size 1024K, 17 young (17408K), 11 survivors (11264K)
 Metaspace       used 159943K, committed 162688K, reserved 1245184K
  class space    used 19079K, committed 20288K, reserved 1048576K
}
Event: 65.669 GC heap after
{Heap after GC invocations=36 (full 0):
 garbage-first heap   total 422912K, used 196882K [0x00000000c0000000, 0x0000000100000000)
  region size 1024K, 11 young (11264K), 11 survivors (11264K)
 Metaspace       used 159943K, committed 162688K, reserved 1245184K
  class space    used 19079K, committed 20288K, reserved 1048576K
}
Event: 65.891 GC heap before
{Heap before GC invocations=36 (full 0):
 garbage-first heap   total 422912K, used 200978K [0x00000000c0000000, 0x0000000100000000)
  region size 1024K, 14 young (14336K), 11 survivors (11264K)
 Metaspace       used 159946K, committed 162688K, reserved 1245184K
  class space    used 19079K, committed 20288K, reserved 1048576K
}
Event: 65.900 GC heap after
{Heap after GC invocations=37 (full 0):
 garbage-first heap   total 422912K, used 185367K [0x00000000c0000000, 0x0000000100000000)
  region size 1024K, 11 young (11264K), 11 survivors (11264K)
 Metaspace       used 159946K, committed 162688K, reserved 1245184K
  class space    used 19079K, committed 20288K, reserved 1048576K
}
Event: 65.909 GC heap before
{Heap before GC invocations=37 (full 0):
 garbage-first heap   total 422912K, used 194583K [0x00000000c0000000, 0x0000000100000000)
  region size 1024K, 13 young (13312K), 11 survivors (11264K)
 Metaspace       used 159946K, committed 162688K, reserved 1245184K
  class space    used 19079K, committed 20288K, reserved 1048576K
}
Event: 65.920 GC heap after
{Heap after GC invocations=38 (full 0):
 garbage-first heap   total 422912K, used 195153K [0x00000000c0000000, 0x0000000100000000)
  region size 1024K, 12 young (12288K), 12 survivors (12288K)
 Metaspace       used 159946K, committed 162688K, reserved 1245184K
  class space    used 19079K, committed 20288K, reserved 1048576K
}
Event: 73.837 GC heap before
{Heap before GC invocations=39 (full 0):
 garbage-first heap   total 422912K, used 399953K [0x00000000c0000000, 0x0000000100000000)
  region size 1024K, 88 young (90112K), 12 survivors (12288K)
 Metaspace       used 160697K, committed 163584K, reserved 1245184K
  class space    used 19183K, committed 20480K, reserved 1048576K
}
Event: 73.870 GC heap after
{Heap after GC invocations=40 (full 0):
 garbage-first heap   total 422912K, used 206854K [0x00000000c0000000, 0x0000000100000000)
  region size 1024K, 15 young (15360K), 15 survivors (15360K)
 Metaspace       used 160697K, committed 163584K, reserved 1245184K
  class space    used 19183K, committed 20480K, reserved 1048576K
}
Event: 73.939 GC heap before
{Heap before GC invocations=40 (full 0):
 garbage-first heap   total 422912K, used 219142K [0x00000000c0000000, 0x0000000100000000)
  region size 1024K, 20 young (20480K), 15 survivors (15360K)
 Metaspace       used 160698K, committed 163584K, reserved 1245184K
  class space    used 19183K, committed 20480K, reserved 1048576K
}
Event: 73.983 GC heap after
{Heap after GC invocations=41 (full 0):
 garbage-first heap   total 422912K, used 185994K [0x00000000c0000000, 0x0000000100000000)
  region size 1024K, 2 young (2048K), 2 survivors (2048K)
 Metaspace       used 160698K, committed 163584K, reserved 1245184K
  class space    used 19183K, committed 20480K, reserved 1048576K
}
Event: 73.986 GC heap before
{Heap before GC invocations=41 (full 0):
 garbage-first heap   total 422912K, used 185994K [0x00000000c0000000, 0x0000000100000000)
  region size 1024K, 3 young (3072K), 2 survivors (2048K)
 Metaspace       used 160698K, committed 163584K, reserved 1245184K
  class space    used 19183K, committed 20480K, reserved 1048576K
}
Event: 73.992 GC heap after
{Heap after GC invocations=42 (full 0):
 garbage-first heap   total 422912K, used 185214K [0x00000000c0000000, 0x0000000100000000)
  region size 1024K, 2 young (2048K), 2 survivors (2048K)
 Metaspace       used 160698K, committed 163584K, reserved 1245184K
  class space    used 19183K, committed 20480K, reserved 1048576K
}

